Arguments: 
  C:\Program Files\nodejs\node.exe C:\Program Files\nodejs\node_modules\yarn\bin\yarn.js init

PATH: 
  C:\WINDOWS\system32;C:\WINDOWS;C:\WINDOWS\System32\Wbem;C:\WINDOWS\System32\WindowsPowerShell\v1.0\;C:\WINDOWS\System32\OpenSSH\;C:\Program Files\Git\cmd;C:\Users\kunki\AppData\Roaming\nvm;C:\Program Files\nodejs;C:\HashiCorp\Vagrant\bin;C:\Users\kunki\AppData\Local\Microsoft\WindowsApps;C:\Users\kunki\AppData\Local\Programs\Microsoft VS Code\bin;C:\Users\kunki\AppData\Roaming\nvm;C:\Program Files\nodejs;C:\Users\kunki\AppData\Local\atom\bin;C:\Program Files (x86)\ESTsoft\ALSee\x64

Yarn version: 
  1.21.1

Node version: 
  12.13.1

Platform: 
  win32 x64

Trace: 
  Error: canceled
      at Interface.<anonymous> (C:\Users\kunki\AppData\Roaming\nvm\v12.13.1\node_modules\yarn\lib\cli.js:136925:13)
      at Interface.emit (events.js:210:5)
      at Interface._ttyWrite (readline.js:887:16)
      at ReadStream.onkeypress (readline.js:191:10)
      at ReadStream.emit (events.js:210:5)
      at emitKeys (internal/readline/utils.js:433:14)
      at emitKeys.next (<anonymous>)
      at ReadStream.onData (readline.js:1153:36)
      at ReadStream.emit (events.js:210:5)
      at addChunk (_stream_readable.js:309:12)

npm manifest: 
  {
    "name": "web2-nodejs",
    "version": "1.0.0",
    "description": "",
    "main": "main.js",
    "directories": {
      "lib": "lib"
    },
    "scripts": {
      "test": "echo \"Error: no test specified\" && exit 1"
    },
    "repository": {
      "type": "git",
      "url": "git+https://github.com/web-n/Nodejs.git"
    },
    "author": "",
    "license": "ISC",
    "bugs": {
      "url": "https://github.com/web-n/Nodejs/issues"
    },
    "homepage": "https://github.com/web-n/Nodejs#readme",
    "dependencies": {
      "body-parser": "^1.19.0",
      "compression": "^1.7.4",
      "express": "^4.17.1",
      "helmet": "^3.21.2",
      "sanitize-html": "^1.18.2"
    }
  }

yarn manifest: 
  No manifest

Lockfile: 
  No lockfile